{"level":"\u001b[34minfo\u001b[39m","message":"Server escuchando en puerto 3000","timestamp":"2024-06-09T19:40:07.186Z"}
{"level":"\u001b[31mfatal\u001b[39m","message":"Prueba de log FATAL","timestamp":"2024-06-09T20:13:15.875Z"}
{"level":"\u001b[31mfatal\u001b[39m","message":"Prueba de log FATAL","timestamp":"2024-06-09T20:13:35.487Z"}
{"level":"\u001b[31mfatal\u001b[39m","message":"Prueba de log FATAL","timestamp":"2024-06-09T20:59:27.400Z"}
{"level":"\u001b[31mfatal\u001b[39m","message":"Prueba de log FATAL","timestamp":"2024-06-09T21:04:14.722Z"}
{"level":"\u001b[31mfatal\u001b[39m","message":"Prueba de log FATAL","timestamp":"2024-06-09T21:04:27.943Z"}
{"level":"\u001b[31mfatal\u001b[39m","message":"Prueba de log FATAL","timestamp":"2024-06-09T21:08:12.164Z"}
{"level":"\u001b[31mfatal\u001b[39m","message":"Prueba de log FATAL","timestamp":"2024-06-09T21:26:04.547Z"}
{"level":"\u001b[34minfo\u001b[39m","message":"8080","timestamp":"2024-06-17T19:43:55.862Z"}
{"level":"\u001b[34minfo\u001b[39m","message":"Server escuchando en puerto 8080","timestamp":"2024-06-17T19:43:55.884Z"}
{"level":"\u001b[34minfo\u001b[39m","message":"Conectado a Mongo Atlas","timestamp":"2024-06-17T19:43:56.484Z"}
{"level":"\u001b[34minfo\u001b[39m","message":"8080","timestamp":"2024-06-19T20:14:27.163Z"}
{"level":"\u001b[34minfo\u001b[39m","message":"Server escuchando en puerto 8080","timestamp":"2024-06-19T20:14:27.187Z"}
{"level":"\u001b[34minfo\u001b[39m","message":"Conectado a Mongo Atlas","timestamp":"2024-06-19T20:14:27.890Z"}
{"level":"\u001b[34minfo\u001b[39m","message":"8080","timestamp":"2024-06-19T20:18:56.338Z"}
{"level":"\u001b[34minfo\u001b[39m","message":"Server escuchando en puerto 8080","timestamp":"2024-06-19T20:18:56.387Z"}
{"level":"\u001b[34minfo\u001b[39m","message":"Conectado a Mongo Atlas","timestamp":"2024-06-19T20:18:57.211Z"}
{"level":"\u001b[34minfo\u001b[39m","message":"8080","timestamp":"2024-06-20T19:33:20.759Z"}
{"level":"\u001b[34minfo\u001b[39m","message":"Server escuchando en puerto 8080","timestamp":"2024-06-20T19:33:20.788Z"}
{"level":"\u001b[34minfo\u001b[39m","message":"Conectado a Mongo Atlas","timestamp":"2024-06-20T19:33:21.627Z"}
{"level":"\u001b[34minfo\u001b[39m","message":"8080","timestamp":"2024-06-20T22:21:55.824Z"}
{"level":"\u001b[34minfo\u001b[39m","message":"Server escuchando en puerto 8080","timestamp":"2024-06-20T22:21:55.844Z"}
{"level":"\u001b[34minfo\u001b[39m","message":"Conectado a Mongo Atlas","timestamp":"2024-06-20T22:21:56.818Z"}
{"level":"\u001b[34minfo\u001b[39m","message":"8080","timestamp":"2024-06-20T22:34:18.739Z"}
{"level":"\u001b[34minfo\u001b[39m","message":"Server escuchando en puerto 8080","timestamp":"2024-06-20T22:34:18.765Z"}
{"level":"\u001b[34minfo\u001b[39m","message":"Conectado a Mongo Atlas","timestamp":"2024-06-20T22:34:19.543Z"}
{"level":"\u001b[34minfo\u001b[39m","message":"8080","timestamp":"2024-06-24T20:10:58.404Z"}
{"level":"\u001b[34minfo\u001b[39m","message":"Server escuchando en puerto 8080","timestamp":"2024-06-24T20:10:58.428Z"}
{"level":"\u001b[34minfo\u001b[39m","message":"Conectado a Mongo Atlas","timestamp":"2024-06-24T20:10:59.261Z"}
{"level":"\u001b[34minfo\u001b[39m","message":"8080","timestamp":"2024-06-24T21:06:30.781Z"}
{"level":"\u001b[34minfo\u001b[39m","message":"Server escuchando en puerto 8080","timestamp":"2024-06-24T21:06:30.815Z"}
{"level":"\u001b[34minfo\u001b[39m","message":"Conectado a Mongo Atlas","timestamp":"2024-06-24T21:06:31.534Z"}
{"level":"\u001b[34minfo\u001b[39m","message":"8080","timestamp":"2024-06-29T20:07:28.173Z"}
{"level":"\u001b[34minfo\u001b[39m","message":"Server escuchando en puerto 8080","timestamp":"2024-06-29T20:07:28.225Z"}
{"level":"\u001b[34minfo\u001b[39m","message":"Conectado a Mongo Atlas","timestamp":"2024-06-29T20:07:29.421Z"}
{"level":"\u001b[34minfo\u001b[39m","message":"8080","timestamp":"2024-06-29T20:17:24.283Z"}
{"level":"\u001b[34minfo\u001b[39m","message":"Server escuchando en puerto 8080","timestamp":"2024-06-29T20:17:24.328Z"}
{"level":"\u001b[34minfo\u001b[39m","message":"Conectado a Mongo Atlas","timestamp":"2024-06-29T20:17:25.304Z"}
{"level":"\u001b[34minfo\u001b[39m","message":"8080","timestamp":"2024-07-02T14:03:57.388Z"}
{"level":"\u001b[34minfo\u001b[39m","message":"Server escuchando en puerto 8080","timestamp":"2024-07-02T14:03:57.458Z"}
{"level":"\u001b[34minfo\u001b[39m","message":"Conectado a Mongo Atlas","timestamp":"2024-07-02T14:03:58.116Z"}
{"level":"\u001b[34minfo\u001b[39m","message":"8080","timestamp":"2024-07-03T14:39:39.612Z"}
{"level":"\u001b[34minfo\u001b[39m","message":"Server escuchando en puerto 8080","timestamp":"2024-07-03T14:39:39.669Z"}
{"level":"\u001b[34minfo\u001b[39m","message":"Conectado a Mongo Atlas","timestamp":"2024-07-03T14:39:40.494Z"}
{"level":"\u001b[34minfo\u001b[39m","message":"8080","timestamp":"2024-07-03T19:00:40.331Z"}
{"level":"\u001b[34minfo\u001b[39m","message":"Server escuchando en puerto 8080","timestamp":"2024-07-03T19:00:40.375Z"}
{"level":"\u001b[34minfo\u001b[39m","message":"Conectado a Mongo Atlas","timestamp":"2024-07-03T19:00:41.223Z"}
{"level":"\u001b[34minfo\u001b[39m","message":3000,"timestamp":"2024-07-15T00:58:46.252Z"}
{"level":"\u001b[34minfo\u001b[39m","message":"Server escuchando en puerto 3000","timestamp":"2024-07-15T00:58:46.297Z"}
{"level":"\u001b[34minfo\u001b[39m","message":"Conectado a Mongo Atlas","timestamp":"2024-07-15T00:58:47.152Z"}
{"level":"\u001b[34minfo\u001b[39m","message":3000,"timestamp":"2024-07-15T00:59:27.213Z"}
{"level":"\u001b[34minfo\u001b[39m","message":"Server escuchando en puerto 3000","timestamp":"2024-07-15T00:59:27.267Z"}
{"level":"\u001b[34minfo\u001b[39m","message":"Conectado a Mongo Atlas","timestamp":"2024-07-15T00:59:27.920Z"}
{"level":"\u001b[34minfo\u001b[39m","message":3000,"timestamp":"2024-07-15T01:19:51.318Z"}
{"level":"\u001b[34minfo\u001b[39m","message":"Server escuchando en puerto 3000","timestamp":"2024-07-15T01:19:51.366Z"}
{"level":"\u001b[34minfo\u001b[39m","message":"Conectado a Mongo Atlas","timestamp":"2024-07-15T01:19:52.227Z"}
{"level":"\u001b[34minfo\u001b[39m","message":3000,"timestamp":"2024-07-15T01:20:17.397Z"}
{"level":"\u001b[34minfo\u001b[39m","message":"Server escuchando en puerto 3000","timestamp":"2024-07-15T01:20:17.460Z"}
{"level":"\u001b[34minfo\u001b[39m","message":"Conectado a Mongo Atlas","timestamp":"2024-07-15T01:20:18.435Z"}
{"level":"\u001b[34minfo\u001b[39m","message":3000,"timestamp":"2024-07-15T01:20:50.080Z"}
{"level":"\u001b[34minfo\u001b[39m","message":"Server escuchando en puerto 3000","timestamp":"2024-07-15T01:20:50.143Z"}
{"level":"\u001b[34minfo\u001b[39m","message":"Conectado a Mongo Atlas","timestamp":"2024-07-15T01:20:51.010Z"}
{"level":"\u001b[34minfo\u001b[39m","message":3000,"timestamp":"2024-07-15T01:20:58.989Z"}
{"level":"\u001b[34minfo\u001b[39m","message":"Server escuchando en puerto 3000","timestamp":"2024-07-15T01:20:59.036Z"}
{"level":"\u001b[34minfo\u001b[39m","message":"Conectado a Mongo Atlas","timestamp":"2024-07-15T01:20:59.797Z"}
{"level":"\u001b[34minfo\u001b[39m","message":3000,"timestamp":"2024-07-15T01:22:24.839Z"}
{"level":"\u001b[34minfo\u001b[39m","message":"Server escuchando en puerto 3000","timestamp":"2024-07-15T01:22:24.905Z"}
{"level":"\u001b[34minfo\u001b[39m","message":"Conectado a Mongo Atlas","timestamp":"2024-07-15T01:22:25.601Z"}
{"level":"\u001b[34minfo\u001b[39m","message":3000,"timestamp":"2024-07-15T01:27:50.063Z"}
{"level":"\u001b[34minfo\u001b[39m","message":"Server escuchando en puerto 3000","timestamp":"2024-07-15T01:27:50.109Z"}
{"level":"\u001b[34minfo\u001b[39m","message":"Conectado a Mongo Atlas","timestamp":"2024-07-15T01:27:50.851Z"}
{"level":"\u001b[34minfo\u001b[39m","message":3000,"timestamp":"2024-07-15T01:28:09.495Z"}
{"level":"\u001b[34minfo\u001b[39m","message":"Server escuchando en puerto 3000","timestamp":"2024-07-15T01:28:09.539Z"}
{"level":"\u001b[34minfo\u001b[39m","message":"Conectado a Mongo Atlas","timestamp":"2024-07-15T01:28:10.141Z"}
{"level":"\u001b[34minfo\u001b[39m","message":3000,"timestamp":"2024-07-15T01:29:18.827Z"}
{"level":"\u001b[34minfo\u001b[39m","message":"Server escuchando en puerto 3000","timestamp":"2024-07-15T01:29:18.865Z"}
{"level":"\u001b[34minfo\u001b[39m","message":"Conectado a Mongo Atlas","timestamp":"2024-07-15T01:29:19.705Z"}
{"level":"\u001b[34minfo\u001b[39m","message":3000,"timestamp":"2024-07-15T01:29:36.353Z"}
{"level":"\u001b[34minfo\u001b[39m","message":"Server escuchando en puerto 3000","timestamp":"2024-07-15T01:29:36.396Z"}
{"level":"\u001b[34minfo\u001b[39m","message":"Conectado a Mongo Atlas","timestamp":"2024-07-15T01:29:37.214Z"}
{"level":"\u001b[34minfo\u001b[39m","message":3000,"timestamp":"2024-07-15T01:30:04.276Z"}
{"level":"\u001b[34minfo\u001b[39m","message":"Server escuchando en puerto 3000","timestamp":"2024-07-15T01:30:04.335Z"}
{"level":"\u001b[34minfo\u001b[39m","message":"Conectado a Mongo Atlas","timestamp":"2024-07-15T01:30:04.956Z"}
{"level":"\u001b[34minfo\u001b[39m","message":3000,"timestamp":"2024-07-15T01:30:41.875Z"}
{"level":"\u001b[34minfo\u001b[39m","message":"Server escuchando en puerto 3000","timestamp":"2024-07-15T01:30:41.922Z"}
{"level":"\u001b[34minfo\u001b[39m","message":"Conectado a Mongo Atlas","timestamp":"2024-07-15T01:30:43.088Z"}
{"level":"\u001b[34minfo\u001b[39m","message":3000,"timestamp":"2024-07-15T01:30:55.247Z"}
{"level":"\u001b[34minfo\u001b[39m","message":"Server escuchando en puerto 3000","timestamp":"2024-07-15T01:30:55.303Z"}
{"level":"\u001b[34minfo\u001b[39m","message":"Conectado a Mongo Atlas","timestamp":"2024-07-15T01:30:55.964Z"}
{"level":"\u001b[34minfo\u001b[39m","message":3000,"timestamp":"2024-07-15T21:26:18.031Z"}
{"level":"\u001b[34minfo\u001b[39m","message":"Server escuchando en puerto 3000","timestamp":"2024-07-15T21:26:18.115Z"}
{"level":"\u001b[34minfo\u001b[39m","message":"Conectado a Mongo Atlas","timestamp":"2024-07-15T21:26:19.107Z"}
{"level":"\u001b[34minfo\u001b[39m","message":3000,"timestamp":"2024-07-15T21:52:55.827Z"}
{"level":"\u001b[34minfo\u001b[39m","message":"Server escuchando en puerto 3000","timestamp":"2024-07-15T21:52:55.872Z"}
{"level":"\u001b[34minfo\u001b[39m","message":"Conectado a Mongo Atlas","timestamp":"2024-07-15T21:52:56.725Z"}
{"level":"\u001b[34minfo\u001b[39m","message":3000,"timestamp":"2024-07-15T21:52:58.404Z"}
{"level":"\u001b[34minfo\u001b[39m","message":"Server escuchando en puerto 3000","timestamp":"2024-07-15T21:52:58.449Z"}
{"level":"\u001b[34minfo\u001b[39m","message":"Conectado a Mongo Atlas","timestamp":"2024-07-15T21:52:59.073Z"}
